Diagnose log at 2026-07-11T20:21:30Z

AppPath: C:\Program Files\Git\mingw64\bin\git-credential-manager.exe
InstallDir: C:\Program Files\Git\mingw64\bin\
Version: 2.8.0+d5e8a3442d48cc5efe7014e093e44242c0bd395f

------------
Diagnostic: Environment
Skipped: False
Success: True
Exception: None
Log:
OSType: Windows
OSVersion: 10.0 (build 26200)
Reading environment variables... OK
 Variables:
SystemDrive=C:
ProgramFiles(x86)=C:\Program Files (x86)
MSYSTEM=MINGW64
ProgramW6432=C:\Program Files
ChocolateyInstall=C:\ProgramData\chocolatey
PROCESSOR_IDENTIFIER=Intel64 Family 6 Model 142 Stepping 12, GenuineIntel
VBOX_MSI_INSTALL_PATH=C:\Program Files\Oracle\VirtualBox\
TMP=C:\Users\TAMIMH~1\AppData\Local\Temp
EFC_9552_1592913036=1
DriverData=C:\Windows\System32\Drivers\DriverData
PATHEXT=.COM;.EXE;.BAT;.CMD;.VBS;.VBE;.JS;.JSE;.WSF;.WSH;.MSC;.PY;.PYW;.CPL
PROCESSOR_REVISION=8e0c
ChocolateyLastPathUpdate=134148441534861780
USERPROFILE=C:\Users\Tamim Hasan
CommonProgramFiles(x86)=C:\Program Files (x86)\Common Files
LOGONSERVER=\\TAMIM-HASAN
TEMP=C:\Users\TAMIMH~1\AppData\Local\Temp
USERNAME=Tamim Hasan
SystemRoot=C:\WINDOWS
GIT_EXEC_PATH=C:/Program Files/Git/mingw64/libexec/git-core
PLINK_PROTOCOL=ssh
OneDrive=C:\Users\Tamim Hasan\OneDrive
PROCESSOR_ARCHITECTURE=AMD64
CommonProgramFiles=C:\Program Files\Common Files
ZES_ENABLE_SYSMAN=1
ProgramData=C:\ProgramData
LC_CTYPE=C.UTF-8
HOMEPATH=\Users\Tamim Hasan
COMPUTERNAME=TAMIM-HASAN
ALLUSERSPROFILE=C:\ProgramData
CommonProgramW6432=C:\Program Files\Common Files
TERM=xterm-256color
SESSIONNAME=Console
EFC_9552_4126798990=1
HOMEDRIVE=C:
windir=C:\WINDOWS
GIT_TRACE2_PARENT_SID=ba5062c5-f147-47a7-a24b-4ef517f2a71c
NUMBER_OF_PROCESSORS=8
OS=Windows_NT
ProgramFiles=C:\Program Files
ComSpec=C:\WINDOWS\system32\cmd.exe
USERDOMAIN_ROAMINGPROFILE=TAMIM-HASAN
HOME=C:\Users\Tamim Hasan
PSModulePath=C:\Users\Tamim Hasan\Documents\WindowsPowerShell\Modules;C:\Program Files\WindowsPowerShell\Modules;C:\WINDOWS\system32\WindowsPowerShell\v1.0\Modules
TMPDIR=C:\Users\TAMIMH~1\AppData\Local\Temp
APPDATA=C:\Users\Tamim Hasan\AppData\Roaming
USERDOMAIN=TAMIM-HASAN
PROCESSOR_LEVEL=6
LOCALAPPDATA=C:\Users\Tamim Hasan\AppData\Local
Path=C:/Program Files/Git/mingw64/libexec/git-core;C:\Program Files\Git\mingw64\bin;C:\Program Files\Git\usr\bin;C:\Users\Tamim Hasan\bin;C:\Python314\Scripts\;C:\Python314\;C:\WINDOWS\system32;C:\WINDOWS;C:\WINDOWS\System32\Wbem;C:\WINDOWS\System32\WindowsPowerShell\v1.0\;C:\WINDOWS\System32\OpenSSH\;C:\Program Files\dotnet\;C:\ProgramData\chocolatey\bin;C:\Program Files\nodejs\;C:\Program Files\Git\cmd;C:\Users\Tamim Hasan\AppData\Local\Microsoft\WindowsApps;C:\Users\Tamim Hasan\AppData\Local\Python\bin;C:\Program Files (x86)\Nmap;C:\Users\Tamim Hasan\AppData\Roaming\npm;C:\Users\Tamim Hasan\AppData\Local\Programs\Microsoft VS Code\bin
COLORTERM=truecolor
PUBLIC=C:\Users\Public


------------
Diagnostic: File system
Skipped: False
Success: True
Exception: None
Log:
Temporary directory is 'C:\Users\Tamim Hasan\AppData\Local\Temp\'...
Checking basic file I/O...
Writing to temporary file 'C:\Users\Tamim Hasan\AppData\Local\Temp\e355432d9a6705678e88420f'... OK
Reading from temporary file 'C:\Users\Tamim Hasan\AppData\Local\Temp\e355432d9a6705678e88420f'... OK
Deleting temporary file 'C:\Users\Tamim Hasan\AppData\Local\Temp\e355432d9a6705678e88420f'... OK
Testing IFileSystem instance...
UserHomePath: C:\Users\Tamim Hasan
UserDataDirectoryPath: C:\Users\Tamim Hasan\.gcm
GetCurrentDirectory(): C:\Users\Tamim Hasan\tawakkul-zone

------------
Diagnostic: Networking
Skipped: False
Success: True
Exception: None
Log:
Checking networking and HTTP stack...
Creating HTTP client... OK
IsNetworkAvailable: True
Sending HEAD request to http://example.com... OK
Sending HEAD request to https://example.com... OK
Acquiring free TCP port... OK
Testing local HTTP loopback connections...
Creating new HTTP listener for http://localhost:27187/... OK
Waiting for loopback connection... OK
Writing response... OK
Waiting for response data... OK
Loopback connection data OK

------------
Diagnostic: Git
Skipped: False
Success: True
Exception: None
Log:
Getting Git version... OK
Git version is '2.55.0.windows.2'
Locating current repository...Git repository at 'C:/Users/Tamim Hasan/tawakkul-zone/.git'
 OK
Listing all Git configuration... OK
Git configuration:
file:C:/Program Files/Git/etc/gitconfig	diff.astextplain.textconv=astextplain
file:C:/Program Files/Git/etc/gitconfig	filter.lfs.clean=git-lfs clean -- %f
file:C:/Program Files/Git/etc/gitconfig	filter.lfs.smudge=git-lfs smudge -- %f
file:C:/Program Files/Git/etc/gitconfig	filter.lfs.process=git-lfs filter-process
file:C:/Program Files/Git/etc/gitconfig	filter.lfs.required=true
file:C:/Program Files/Git/etc/gitconfig	http.sslbackend=openssl
file:C:/Program Files/Git/etc/gitconfig	http.sslcainfo=C:/Program Files/Git/mingw64/etc/ssl/certs/ca-bundle.crt
file:C:/Program Files/Git/etc/gitconfig	core.autocrlf=true
file:C:/Program Files/Git/etc/gitconfig	core.fscache=true
file:C:/Program Files/Git/etc/gitconfig	core.symlinks=false
file:C:/Program Files/Git/etc/gitconfig	pull.rebase=false
file:C:/Program Files/Git/etc/gitconfig	credential.helper=manager
file:C:/Program Files/Git/etc/gitconfig	credential.https://dev.azure.com.usehttppath=true
file:C:/Program Files/Git/etc/gitconfig	init.defaultbranch=master
file:C:/Users/Tamim Hasan/.gitconfig	core.editor="C:\Users\Tamim Hasan\AppData\Local\Programs\Microsoft VS Code\bin\code" --wait
file:C:/Users/Tamim Hasan/.gitconfig	user.name=Tawakkul Zone
file:C:/Users/Tamim Hasan/.gitconfig	user.email=raselmahmudrasel70@gmail.com
file:C:/Users/Tamim Hasan/.gitconfig	http.sslbackend=schannel
file:.git/config	core.repositoryformatversion=0
file:.git/config	core.filemode=false
file:.git/config	core.bare=false
file:.git/config	core.logallrefupdates=true
file:.git/config	core.symlinks=false
file:.git/config	core.ignorecase=true
file:.git/config	remote.origin.url=https://github.com/raselmahmudrasel70/tawakkul-zone.git
file:.git/config	remote.origin.fetch=+refs/heads/*:refs/remotes/origin/*
file:.git/config	branch.main.remote=origin
file:.git/config	branch.main.merge=refs/heads/main
file:.git/config	branch.main.vscode-merge-base=origin/main


------------
Diagnostic: Credential storage
Skipped: False
Success: True
Exception: None
Log:
ICredentialStore instance is of type: CredentialStore
Writing test credential... OK
Reading test credential... OK
Deleting test credential... OK

------------
Diagnostic: Microsoft authentication (AAD/MSA)
Skipped: False
Success: True
Exception: None
Log:
Broker is not enabled.
Flow type is: Auto
Gathering MSAL token cache data... OK
CacheDirectory: C:\Users\Tamim Hasan\AppData\Local\.IdentityService
CacheFileName: msal.cache
CacheFilePath: C:\Users\Tamim Hasan\AppData\Local\.IdentityService\msal.cache
Creating cache helper... OK
Verifying MSAL token cache persistence... OK

------------
Diagnostic: GitHub API
Skipped: False
Success: True
Exception: None
Log:
Using 'https://github.com/' as API target.
Querying '/meta' endpoint... OK

